[0.074s] Invoking command in '/home/knalum/ros2_ws/build/my_robot_control_cpp': CMAKE_PREFIX_PATH=${CMAKE_PREFIX_PATH}:/home/knalum/ros2_ws/install/my_robot_controller:/opt/ros/humble /usr/bin/cmake --build /home/knalum/ros2_ws/build/my_robot_control_cpp -- -j4 -l4
[0.107s] [35m[1mConsolidate compiler generated dependencies of target pose_subscriber[0m
[0.115s] [ 33%] Built target subscriber
[0.116s] [ 66%] Built target publisher
[0.130s] [ 83%] [32mBuilding CXX object CMakeFiles/pose_subscriber.dir/src/pose_subscriber.cpp.o[0m
[1.291s] In file included from [01m[K/opt/ros/humble/include/rclcpp/rclcpp/logging.hpp:24[m[K,
[1.291s]                  from [01m[K/opt/ros/humble/include/rclcpp/rclcpp/client.hpp:40[m[K,
[1.291s]                  from [01m[K/opt/ros/humble/include/rclcpp/rclcpp/callback_group.hpp:24[m[K,
[1.291s]                  from [01m[K/opt/ros/humble/include/rclcpp/rclcpp/any_executable.hpp:20[m[K,
[1.291s]                  from [01m[K/opt/ros/humble/include/rclcpp/rclcpp/memory_strategy.hpp:25[m[K,
[1.291s]                  from [01m[K/opt/ros/humble/include/rclcpp/rclcpp/memory_strategies.hpp:18[m[K,
[1.291s]                  from [01m[K/opt/ros/humble/include/rclcpp/rclcpp/executor_options.hpp:20[m[K,
[1.291s]                  from [01m[K/opt/ros/humble/include/rclcpp/rclcpp/executor.hpp:37[m[K,
[1.291s]                  from [01m[K/opt/ros/humble/include/rclcpp/rclcpp/executors/multi_threaded_executor.hpp:25[m[K,
[1.291s]                  from [01m[K/opt/ros/humble/include/rclcpp/rclcpp/executors.hpp:21[m[K,
[1.291s]                  from [01m[K/opt/ros/humble/include/rclcpp/rclcpp/rclcpp.hpp:155[m[K,
[1.291s]                  from [01m[K/home/knalum/ros2_ws/src/my_robot_control_cpp/src/pose_subscriber.cpp:1[m[K:
[1.291s] [01m[K/home/knalum/ros2_ws/src/my_robot_control_cpp/src/pose_subscriber.cpp:[m[K In member function â€˜[01m[Kvoid PoseSubscriber::topic_callback(const Pose&) const[m[Kâ€™:
[1.291s] [01m[K/home/knalum/ros2_ws/src/my_robot_control_cpp/src/pose_subscriber.cpp:15:47:[m[K [01;31m[Kerror: [m[Kinvalid operands of types â€˜[01m[Kconst char [6][m[Kâ€™ and â€˜[01m[Kconst _x_type[m[Kâ€™ {aka â€˜[01m[Kconst float[m[Kâ€™} to binary â€˜[01m[Koperator+[m[Kâ€™
[1.291s]    15 |         RCLCPP_INFO(this->get_logger(),[32m[K"Pose "[m[K[01;31m[K+[m[K[34m[Kpose.x[m[K+" , "+pose.y);
[1.292s]       |                                        [32m[K~~~~~~~[m[K[01;31m[K^[m[K[34m[K~~~~~~[m[K
[1.292s]       |                                        [32m[K|[m[K            [34m[K|[m[K
[1.292s]       |                                        [32m[K|[m[K            [34m[Kconst _x_type {aka const float}[m[K
[1.292s]       |                                        [32m[Kconst char [6][m[K
[2.468s] gmake[2]: *** [CMakeFiles/pose_subscriber.dir/build.make:76: CMakeFiles/pose_subscriber.dir/src/pose_subscriber.cpp.o] Error 1
[2.468s] gmake[1]: *** [CMakeFiles/Makefile2:193: CMakeFiles/pose_subscriber.dir/all] Error 2
[2.468s] gmake: *** [Makefile:146: all] Error 2
[2.470s] Invoked command in '/home/knalum/ros2_ws/build/my_robot_control_cpp' returned '2': CMAKE_PREFIX_PATH=${CMAKE_PREFIX_PATH}:/home/knalum/ros2_ws/install/my_robot_controller:/opt/ros/humble /usr/bin/cmake --build /home/knalum/ros2_ws/build/my_robot_control_cpp -- -j4 -l4
