-- Found ament_cmake: 1.3.7 (/opt/ros/humble/share/ament_cmake/cmake)
-- Found rclcpp: 16.0.8 (/opt/ros/humble/share/rclcpp/cmake)
-- Found rosidl_generator_c: 3.1.5 (/opt/ros/humble/share/rosidl_generator_c/cmake)
-- Found rosidl_adapter: 3.1.5 (/opt/ros/humble/share/rosidl_adapter/cmake)
-- Found rosidl_generator_cpp: 3.1.5 (/opt/ros/humble/share/rosidl_generator_cpp/cmake)
-- Using all available rosidl_typesupport_c: rosidl_typesupport_fastrtps_c;rosidl_typesupport_introspection_c
-- Using all available rosidl_typesupport_cpp: rosidl_typesupport_fastrtps_cpp;rosidl_typesupport_introspection_cpp
-- Found rmw_implementation_cmake: 6.1.1 (/opt/ros/humble/share/rmw_implementation_cmake/cmake)
-- Found rmw_fastrtps_cpp: 6.2.6 (/opt/ros/humble/share/rmw_fastrtps_cpp/cmake)
-- Using RMW implementation 'rmw_fastrtps_cpp' as default
-- Found turtlesim: 1.4.2 (/opt/ros/humble/share/turtlesim/cmake)
-- Configuring done
-- Generating done
-- Build files have been written to: /home/knalum/ros2_ws/build/my_robot_control_cpp
[35m[1mConsolidate compiler generated dependencies of target publisher[0m
[35m[1mConsolidate compiler generated dependencies of target subscriber[0m
[35m[1mConsolidate compiler generated dependencies of target pose_subscriber[0m
[ 50%] Built target subscriber
[ 50%] [32mBuilding CXX object CMakeFiles/pose_subscriber.dir/src/pose_subscriber.cpp.o[0m
[ 83%] Built target publisher
[01m[K/home/knalum/ros2_ws/src/my_robot_control_cpp/src/pose_subscriber.cpp:11:42:[m[K [01;31m[Kerror: [m[Kâ€˜[01m[Kpose[m[Kâ€™ is not a member of â€˜[01m[Kturtlesim::msg[m[Kâ€™; did you mean â€˜[01m[KPose[m[Kâ€™?
   11 |     rclcpp::Subscription<turtlesim::msg::[01;31m[Kpose[m[K>::SharedPtr subscription;
      |                                          [01;31m[K^~~~[m[K
      |                                          [32m[KPose[m[K
[01m[K/home/knalum/ros2_ws/src/my_robot_control_cpp/src/pose_subscriber.cpp:11:46:[m[K [01;31m[Kerror: [m[Ktemplate argument 1 is invalid
   11 |     rclcpp::Subscription<turtlesim::msg::pose[01;31m[K>[m[K::SharedPtr subscription;
      |                                              [01;31m[K^[m[K
[01m[K/home/knalum/ros2_ws/src/my_robot_control_cpp/src/pose_subscriber.cpp:11:46:[m[K [01;31m[Kerror: [m[Ktemplate argument 3 is invalid
[01m[K/home/knalum/ros2_ws/src/my_robot_control_cpp/src/pose_subscriber.cpp:11:46:[m[K [01;31m[Kerror: [m[Ktemplate argument 4 is invalid
[01m[K/home/knalum/ros2_ws/src/my_robot_control_cpp/src/pose_subscriber.cpp:11:46:[m[K [01;31m[Kerror: [m[Ktemplate argument 5 is invalid
[01m[K/home/knalum/ros2_ws/src/my_robot_control_cpp/src/pose_subscriber.cpp:11:49:[m[K [01;31m[Kerror: [m[Kexpected â€˜[01m[K;[m[Kâ€™ at end of member declaration
   11 |     rclcpp::Subscription<turtlesim::msg::pose>::[01;31m[KSharedPtr[m[K subscription;
      |                                                 [01;31m[K^~~~~~~~~[m[K
      |                                                          [32m[K;[m[K
[01m[K/home/knalum/ros2_ws/src/my_robot_control_cpp/src/pose_subscriber.cpp:11:59:[m[K [01;31m[Kerror: [m[Kâ€˜[01m[Ksubscription[m[Kâ€™ does not name a type
   11 |     rclcpp::Subscription<turtlesim::msg::pose>::SharedPtr [01;31m[Ksubscription[m[K;
      |                                                           [01;31m[K^~~~~~~~~~~~[m[K
gmake[2]: *** [CMakeFiles/pose_subscriber.dir/build.make:76: CMakeFiles/pose_subscriber.dir/src/pose_subscriber.cpp.o] Error 1
gmake[1]: *** [CMakeFiles/Makefile2:193: CMakeFiles/pose_subscriber.dir/all] Error 2
gmake: *** [Makefile:146: all] Error 2
