[0.070s] Invoking command in '/home/knalum/ros2_ws/build/my_robot_control_cpp': CMAKE_PREFIX_PATH=${CMAKE_PREFIX_PATH}:/home/knalum/ros2_ws/install/my_robot_controller:/opt/ros/humble /usr/bin/cmake --build /home/knalum/ros2_ws/build/my_robot_control_cpp -- -j4 -l4
[0.089s] -- Found ament_cmake: 1.3.7 (/opt/ros/humble/share/ament_cmake/cmake)
[0.177s] -- Found rclcpp: 16.0.8 (/opt/ros/humble/share/rclcpp/cmake)
[0.198s] -- Found rosidl_generator_c: 3.1.5 (/opt/ros/humble/share/rosidl_generator_c/cmake)
[0.199s] -- Found rosidl_adapter: 3.1.5 (/opt/ros/humble/share/rosidl_adapter/cmake)
[0.203s] -- Found rosidl_generator_cpp: 3.1.5 (/opt/ros/humble/share/rosidl_generator_cpp/cmake)
[0.211s] -- Using all available rosidl_typesupport_c: rosidl_typesupport_fastrtps_c;rosidl_typesupport_introspection_c
[0.222s] -- Using all available rosidl_typesupport_cpp: rosidl_typesupport_fastrtps_cpp;rosidl_typesupport_introspection_cpp
[0.266s] -- Found rmw_implementation_cmake: 6.1.1 (/opt/ros/humble/share/rmw_implementation_cmake/cmake)
[0.266s] -- Found rmw_fastrtps_cpp: 6.2.6 (/opt/ros/humble/share/rmw_fastrtps_cpp/cmake)
[0.357s] -- Using RMW implementation 'rmw_fastrtps_cpp' as default
[0.494s] -- Found turtlesim: 1.4.2 (/opt/ros/humble/share/turtlesim/cmake)
[0.652s] -- Configuring done
[0.666s] -- Generating done
[0.667s] -- Build files have been written to: /home/knalum/ros2_ws/build/my_robot_control_cpp
[0.687s] [35m[1mConsolidate compiler generated dependencies of target publisher[0m
[0.687s] [35m[1mConsolidate compiler generated dependencies of target subscriber[0m
[0.687s] [35m[1mConsolidate compiler generated dependencies of target pose_subscriber[0m
[0.700s] [ 50%] Built target subscriber
[0.700s] [ 50%] [32mBuilding CXX object CMakeFiles/pose_subscriber.dir/src/pose_subscriber.cpp.o[0m
[0.701s] [ 83%] Built target publisher
[1.963s] [01m[K/home/knalum/ros2_ws/src/my_robot_control_cpp/src/pose_subscriber.cpp:11:42:[m[K [01;31m[Kerror: [m[Kâ€˜[01m[Kpose[m[Kâ€™ is not a member of â€˜[01m[Kturtlesim::msg[m[Kâ€™; did you mean â€˜[01m[KPose[m[Kâ€™?
[1.963s]    11 |     rclcpp::Subscription<turtlesim::msg::[01;31m[Kpose[m[K>::SharedPtr subscription;
[1.963s]       |                                          [01;31m[K^~~~[m[K
[1.963s]       |                                          [32m[KPose[m[K
[1.963s] [01m[K/home/knalum/ros2_ws/src/my_robot_control_cpp/src/pose_subscriber.cpp:11:46:[m[K [01;31m[Kerror: [m[Ktemplate argument 1 is invalid
[1.963s]    11 |     rclcpp::Subscription<turtlesim::msg::pose[01;31m[K>[m[K::SharedPtr subscription;
[1.963s]       |                                              [01;31m[K^[m[K
[1.963s] [01m[K/home/knalum/ros2_ws/src/my_robot_control_cpp/src/pose_subscriber.cpp:11:46:[m[K [01;31m[Kerror: [m[Ktemplate argument 3 is invalid
[1.963s] [01m[K/home/knalum/ros2_ws/src/my_robot_control_cpp/src/pose_subscriber.cpp:11:46:[m[K [01;31m[Kerror: [m[Ktemplate argument 4 is invalid
[1.963s] [01m[K/home/knalum/ros2_ws/src/my_robot_control_cpp/src/pose_subscriber.cpp:11:46:[m[K [01;31m[Kerror: [m[Ktemplate argument 5 is invalid
[1.963s] [01m[K/home/knalum/ros2_ws/src/my_robot_control_cpp/src/pose_subscriber.cpp:11:49:[m[K [01;31m[Kerror: [m[Kexpected â€˜[01m[K;[m[Kâ€™ at end of member declaration
[1.963s]    11 |     rclcpp::Subscription<turtlesim::msg::pose>::[01;31m[KSharedPtr[m[K subscription;
[1.963s]       |                                                 [01;31m[K^~~~~~~~~[m[K
[1.963s]       |                                                          [32m[K;[m[K
[1.964s] [01m[K/home/knalum/ros2_ws/src/my_robot_control_cpp/src/pose_subscriber.cpp:11:59:[m[K [01;31m[Kerror: [m[Kâ€˜[01m[Ksubscription[m[Kâ€™ does not name a type
[1.964s]    11 |     rclcpp::Subscription<turtlesim::msg::pose>::SharedPtr [01;31m[Ksubscription[m[K;
[1.964s]       |                                                           [01;31m[K^~~~~~~~~~~~[m[K
[2.214s] gmake[2]: *** [CMakeFiles/pose_subscriber.dir/build.make:76: CMakeFiles/pose_subscriber.dir/src/pose_subscriber.cpp.o] Error 1
[2.215s] gmake[1]: *** [CMakeFiles/Makefile2:193: CMakeFiles/pose_subscriber.dir/all] Error 2
[2.215s] gmake: *** [Makefile:146: all] Error 2
[2.219s] Invoked command in '/home/knalum/ros2_ws/build/my_robot_control_cpp' returned '2': CMAKE_PREFIX_PATH=${CMAKE_PREFIX_PATH}:/home/knalum/ros2_ws/install/my_robot_controller:/opt/ros/humble /usr/bin/cmake --build /home/knalum/ros2_ws/build/my_robot_control_cpp -- -j4 -l4
