-- Found ament_cmake: 1.3.7 (/opt/ros/humble/share/ament_cmake/cmake)
-- Found rclcpp: 16.0.8 (/opt/ros/humble/share/rclcpp/cmake)
-- Found rosidl_generator_c: 3.1.5 (/opt/ros/humble/share/rosidl_generator_c/cmake)
-- Found rosidl_adapter: 3.1.5 (/opt/ros/humble/share/rosidl_adapter/cmake)
-- Found rosidl_generator_cpp: 3.1.5 (/opt/ros/humble/share/rosidl_generator_cpp/cmake)
-- Using all available rosidl_typesupport_c: rosidl_typesupport_fastrtps_c;rosidl_typesupport_introspection_c
-- Using all available rosidl_typesupport_cpp: rosidl_typesupport_fastrtps_cpp;rosidl_typesupport_introspection_cpp
-- Found rmw_implementation_cmake: 6.1.1 (/opt/ros/humble/share/rmw_implementation_cmake/cmake)
-- Found rmw_fastrtps_cpp: 6.2.6 (/opt/ros/humble/share/rmw_fastrtps_cpp/cmake)
-- Using RMW implementation 'rmw_fastrtps_cpp' as default
-- Configuring done
-- Generating done
-- Build files have been written to: /home/knalum/ros2_ws/build/my_robot_control_cpp
[35m[1mConsolidate compiler generated dependencies of target publisher[0m
[35m[1mConsolidate compiler generated dependencies of target subscriber[0m
[35m[1mConsolidate compiler generated dependencies of target pose_subscriber[0m
[ 16%] [32mBuilding CXX object CMakeFiles/pose_subscriber.dir/src/pose_subscriber.cpp.o[0m
[ 50%] Built target subscriber
[ 83%] Built target publisher
[01m[K/home/knalum/ros2_ws/src/my_robot_control_cpp/src/pose_subscriber.cpp:10:25:[m[K [01;31m[Kerror: [m[Ktemplate argument 1 is invalid
   10 |     rclcpp::Subscription[01;31m[K<[m[K
      |                         [01;31m[K^[m[K
[01m[K/home/knalum/ros2_ws/src/my_robot_control_cpp/src/pose_subscriber.cpp:10:25:[m[K [01;31m[Kerror: [m[Ktemplate argument 3 is invalid
[01m[K/home/knalum/ros2_ws/src/my_robot_control_cpp/src/pose_subscriber.cpp:10:25:[m[K [01;31m[Kerror: [m[Ktemplate argument 4 is invalid
[01m[K/home/knalum/ros2_ws/src/my_robot_control_cpp/src/pose_subscriber.cpp:10:25:[m[K [01;31m[Kerror: [m[Ktemplate argument 5 is invalid
[01m[K/home/knalum/ros2_ws/src/my_robot_control_cpp/src/pose_subscriber.cpp:11:1:[m[K [01;31m[Kerror: [m[Kexpected unqualified-id before â€˜[01m[K}[m[Kâ€™ token
   11 | [01;31m[K}[m[K;
      | [01;31m[K^[m[K
gmake[2]: *** [CMakeFiles/pose_subscriber.dir/build.make:76: CMakeFiles/pose_subscriber.dir/src/pose_subscriber.cpp.o] Error 1
gmake[1]: *** [CMakeFiles/Makefile2:193: CMakeFiles/pose_subscriber.dir/all] Error 2
gmake: *** [Makefile:146: all] Error 2
