[35m[1mConsolidate compiler generated dependencies of target draw_circle[0m
[ 50%] Built target publisher
[ 50%] Built target subscriber
[ 87%] Built target pose_subscriber
[ 87%] [32mBuilding CXX object CMakeFiles/draw_circle.dir/src/draw_circle.cpp.o[0m
[01m[K/home/knalum/ros2_ws/src/my_robot_control_cpp/src/draw_circle.cpp:4:10:[m[K [01;31m[Kfatal error: [m[Kgeometry_msgs/msg/twist.hpp: No such file or directory
    4 | #include [01;31m[K"geometry_msgs/msg/twist.hpp"[m[K
      |          [01;31m[K^~~~~~~~~~~~~~~~~~~~~~~~~~~~~[m[K
compilation terminated.
gmake[2]: *** [CMakeFiles/draw_circle.dir/build.make:76: CMakeFiles/draw_circle.dir/src/draw_circle.cpp.o] Error 1
gmake[1]: *** [CMakeFiles/Makefile2:221: CMakeFiles/draw_circle.dir/all] Error 2
gmake: *** [Makefile:146: all] Error 2
