[35m[1mConsolidate compiler generated dependencies of target draw_circle[0m
[ 25%] Built target subscriber
[ 50%] Built target publisher
[ 75%] Built target pose_subscriber
[ 87%] [32mBuilding CXX object CMakeFiles/draw_circle.dir/src/draw_circle.cpp.o[0m
[01m[K/home/knalum/ros2_ws/src/my_robot_control_cpp/src/draw_circle.cpp:[m[K In constructor â€˜[01m[KDrawCircle::DrawCircle()[m[Kâ€™:
[01m[K/home/knalum/ros2_ws/src/my_robot_control_cpp/src/draw_circle.cpp:12:93:[m[K [01;31m[Kerror: [m[Kexpected â€˜[01m[K;[m[Kâ€™ before â€˜[01m[K)[m[Kâ€™ token
   12 |         publisher = this->create_publisher<geometry_msgs::msg::Twist>("/turtle1/cmd_vel",10)[01;31m[K)[m[K;
      |                                                                                             [01;31m[K^[m[K
gmake[2]: *** [CMakeFiles/draw_circle.dir/build.make:76: CMakeFiles/draw_circle.dir/src/draw_circle.cpp.o] Error 1
gmake[1]: *** [CMakeFiles/Makefile2:221: CMakeFiles/draw_circle.dir/all] Error 2
gmake: *** [Makefile:146: all] Error 2
